<?xml version="1.0" encoding="UTF-8"?>
<coverage generated="1610215830228" clover="3.2.0">
  <project timestamp="1610215830228" name="All files">
    <metrics statements="73" coveredstatements="73" conditionals="24" coveredconditionals="23" methods="27" coveredmethods="27" elements="124" coveredelements="123" complexity="0" loc="73" ncloc="73" packages="3" files="4" classes="4"/>
    <package name="entities">
      <metrics statements="18" coveredstatements="18" conditionals="0" coveredconditionals="0" methods="9" coveredmethods="9"/>
      <file name="JoueurDeTennis.ts" path="D:\dev\technos\tdd\TDD-Tennis-TS\src\app\entities\JoueurDeTennis.ts">
        <metrics statements="2" coveredstatements="2" conditionals="0" coveredconditionals="0" methods="1" coveredmethods="1"/>
        <line num="1" count="1" type="stmt"/>
        <line num="3" count="1" type="stmt"/>
      </file>
      <file name="PartieDeTennis.ts" path="D:\dev\technos\tdd\TDD-Tennis-TS\src\app\entities\PartieDeTennis.ts">
        <metrics statements="16" coveredstatements="16" conditionals="0" coveredconditionals="0" methods="8" coveredmethods="8"/>
        <line num="1" count="1" type="stmt"/>
        <line num="4" count="1" type="stmt"/>
        <line num="6" count="15" type="stmt"/>
        <line num="7" count="15" type="stmt"/>
        <line num="8" count="15" type="stmt"/>
        <line num="11" count="1" type="stmt"/>
        <line num="12" count="1" type="stmt"/>
        <line num="15" count="1" type="stmt"/>
        <line num="16" count="11" type="stmt"/>
        <line num="19" count="1" type="stmt"/>
        <line num="20" count="30" type="stmt"/>
        <line num="24" count="5" type="stmt"/>
        <line num="27" count="1" type="stmt"/>
        <line num="28" count="30" type="stmt"/>
        <line num="32" count="5" type="stmt"/>
        <line num="36" count="1" type="stmt"/>
      </file>
    </package>
    <package name="services">
      <metrics statements="34" coveredstatements="34" conditionals="12" coveredconditionals="12" methods="8" coveredmethods="8"/>
      <file name="TennisCompteurDeScore.ts" path="D:\dev\technos\tdd\TDD-Tennis-TS\src\app\services\TennisCompteurDeScore.ts">
        <metrics statements="34" coveredstatements="34" conditionals="12" coveredconditionals="12" methods="8" coveredmethods="8"/>
        <line num="2" count="1" type="stmt"/>
        <line num="5" count="1" type="stmt"/>
        <line num="7" count="1" type="stmt"/>
        <line num="8" count="15" type="stmt"/>
        <line num="11" count="1" type="stmt"/>
        <line num="12" count="10" type="stmt"/>
        <line num="14" count="10" type="cond" truecount="2" falsecount="0"/>
        <line num="15" count="4" type="stmt"/>
        <line num="16" count="6" type="cond" truecount="2" falsecount="0"/>
        <line num="17" count="1" type="stmt"/>
        <line num="20" count="5" type="stmt"/>
        <line num="24" count="1" type="stmt"/>
        <line num="25" count="3" type="stmt"/>
        <line num="26" count="3" type="stmt"/>
        <line num="27" count="3" type="stmt"/>
        <line num="30" count="1" type="stmt"/>
        <line num="31" count="4" type="cond" truecount="2" falsecount="0"/>
        <line num="32" count="1" type="stmt"/>
        <line num="33" count="3" type="cond" truecount="2" falsecount="0"/>
        <line num="34" count="2" type="stmt"/>
        <line num="36" count="1" type="stmt"/>
        <line num="39" count="1" type="stmt"/>
        <line num="40" count="10" type="stmt"/>
        <line num="41" count="10" type="stmt"/>
        <line num="42" count="10" type="cond" truecount="2" falsecount="0"/>
        <line num="43" count="1" type="stmt"/>
        <line num="44" count="1" type="stmt"/>
        <line num="46" count="10" type="stmt"/>
        <line num="49" count="1" type="stmt"/>
        <line num="50" count="10" type="cond" truecount="2" falsecount="0"/>
        <line num="53" count="1" type="stmt"/>
        <line num="54" count="5" type="stmt"/>
        <line num="55" count="5" type="stmt"/>
        <line num="57" count="1" type="stmt"/>
      </file>
    </package>
    <package name="valuesObjects">
      <metrics statements="21" coveredstatements="21" conditionals="12" coveredconditionals="11" methods="10" coveredmethods="10"/>
      <file name="Score.ts" path="D:\dev\technos\tdd\TDD-Tennis-TS\src\app\valuesObjects\Score.ts">
        <metrics statements="21" coveredstatements="21" conditionals="12" coveredconditionals="11" methods="10" coveredmethods="10"/>
        <line num="1" count="1" type="stmt"/>
        <line num="3" count="70" type="cond" truecount="2" falsecount="0"/>
        <line num="4" count="77" type="cond" truecount="2" falsecount="0"/>
        <line num="5" count="77" type="cond" truecount="2" falsecount="0"/>
        <line num="8" count="32" type="stmt"/>
        <line num="10" count="2" type="stmt"/>
        <line num="12" count="11" type="stmt"/>
        <line num="14" count="1" type="stmt"/>
        <line num="15" count="5" type="cond" truecount="2" falsecount="0"/>
        <line num="16" count="2" type="cond" truecount="2" falsecount="0"/>
        <line num="17" count="1" type="cond" truecount="1" falsecount="1"/>
        <line num="20" count="1" type="stmt"/>
        <line num="21" count="1" type="stmt"/>
        <line num="24" count="1" type="stmt"/>
        <line num="25" count="1" type="stmt"/>
        <line num="28" count="1" type="stmt"/>
        <line num="29" count="3" type="stmt"/>
        <line num="32" count="1" type="stmt"/>
        <line num="33" count="6" type="stmt"/>
        <line num="34" count="6" type="stmt"/>
        <line num="37" count="1" type="stmt"/>
      </file>
    </package>
  </project>
</coverage>
