{"D:\\dev\\technos\\tdd\\TDD-Tennis-TS\\src\\app\\entities\\JoueurDeTennis.ts": {"path":"D:\\dev\\technos\\tdd\\TDD-Tennis-TS\\src\\app\\entities\\JoueurDeTennis.ts","statementMap":{"0":{"start":{"line":1,"column":0},"end":{"line":1,"column":13}},"1":{"start":{"line":3,"column":0},"end":{"line":3,"column":null}},"2":{"start":{"line":1,"column":13},"end":{"line":1,"column":27}}},"fnMap":{"0":{"name":"(anonymous_0)","decl":{"start":{"line":1,"column":0},"end":{"line":1,"column":13}},"loc":{"start":{"line":1,"column":0},"end":{"line":3,"column":null}}}},"branchMap":{},"s":{"0":1,"1":1,"2":1},"f":{"0":5},"b":{}}
,"D:\\dev\\technos\\tdd\\TDD-Tennis-TS\\src\\app\\entities\\PartieDeTennis.ts": {"path":"D:\\dev\\technos\\tdd\\TDD-Tennis-TS\\src\\app\\entities\\PartieDeTennis.ts","statementMap":{"0":{"start":{"line":1,"column":0},"end":{"line":1,"column":47}},"1":{"start":{"line":4,"column":0},"end":{"line":4,"column":13}},"2":{"start":{"line":8,"column":24},"end":{"line":8,"column":53}},"3":{"start":{"line":8,"column":63},"end":{"line":8,"column":91}},"4":{"start":{"line":6,"column":12},"end":{"line":6,"column":54}},"5":{"start":{"line":7,"column":12},"end":{"line":7,"column":53}},"6":{"start":{"line":11,"column":4},"end":{"line":13,"column":null}},"7":{"start":{"line":12,"column":8},"end":{"line":12,"column":35}},"8":{"start":{"line":15,"column":4},"end":{"line":17,"column":null}},"9":{"start":{"line":16,"column":8},"end":{"line":16,"column":34}},"10":{"start":{"line":19,"column":4},"end":{"line":21,"column":null}},"11":{"start":{"line":20,"column":8},"end":{"line":20,"column":42}},"12":{"start":{"line":24,"column":8},"end":{"line":24,"column":43}},"13":{"start":{"line":27,"column":4},"end":{"line":29,"column":null}},"14":{"start":{"line":28,"column":8},"end":{"line":28,"column":41}},"15":{"start":{"line":32,"column":8},"end":{"line":32,"column":42}},"16":{"start":{"line":36,"column":0},"end":{"line":36,"column":null}},"17":{"start":{"line":4,"column":13},"end":{"line":4,"column":27}}},"fnMap":{"0":{"name":"(anonymous_0)","decl":{"start":{"line":4,"column":0},"end":{"line":4,"column":13}},"loc":{"start":{"line":4,"column":0},"end":{"line":36,"column":null}}},"1":{"name":"PartieDeTennis","decl":{"start":{"line":8,"column":4},"end":{"line":8,"column":24}},"loc":{"start":{"line":8,"column":91},"end":{"line":9,"column":5}}},"2":{"name":"(anonymous_2)","decl":{"start":{"line":11,"column":4},"end":{"line":11,"column":8}},"loc":{"start":{"line":11,"column":4},"end":{"line":13,"column":5}}},"3":{"name":"(anonymous_3)","decl":{"start":{"line":15,"column":4},"end":{"line":15,"column":8}},"loc":{"start":{"line":15,"column":4},"end":{"line":17,"column":5}}},"4":{"name":"(anonymous_4)","decl":{"start":{"line":19,"column":4},"end":{"line":19,"column":8}},"loc":{"start":{"line":19,"column":4},"end":{"line":21,"column":5}}},"5":{"name":"(anonymous_5)","decl":{"start":{"line":23,"column":4},"end":{"line":23,"column":29}},"loc":{"start":{"line":23,"column":41},"end":{"line":25,"column":5}}},"6":{"name":"(anonymous_6)","decl":{"start":{"line":27,"column":4},"end":{"line":27,"column":8}},"loc":{"start":{"line":27,"column":4},"end":{"line":29,"column":5}}},"7":{"name":"(anonymous_7)","decl":{"start":{"line":31,"column":4},"end":{"line":31,"column":28}},"loc":{"start":{"line":31,"column":40},"end":{"line":33,"column":5}}}},"branchMap":{},"s":{"0":1,"1":1,"2":15,"3":15,"4":15,"5":15,"6":1,"7":1,"8":1,"9":11,"10":1,"11":30,"12":5,"13":1,"14":30,"15":5,"16":1,"17":1},"f":{"0":1,"1":15,"2":1,"3":11,"4":30,"5":5,"6":30,"7":5},"b":{}}
,"D:\\dev\\technos\\tdd\\TDD-Tennis-TS\\src\\app\\services\\TennisCompteurDeScore.ts": {"path":"D:\\dev\\technos\\tdd\\TDD-Tennis-TS\\src\\app\\services\\TennisCompteurDeScore.ts","statementMap":{"0":{"start":{"line":2,"column":0},"end":{"line":2,"column":60}},"1":{"start":{"line":5,"column":0},"end":{"line":5,"column":13}},"2":{"start":{"line":7,"column":11},"end":{"line":9,"column":null}},"3":{"start":{"line":8,"column":8},"end":{"line":8,"column":63}},"4":{"start":{"line":11,"column":11},"end":{"line":22,"column":null}},"5":{"start":{"line":12,"column":43},"end":{"line":12,"column":89}},"6":{"start":{"line":12,"column":25},"end":{"line":12,"column":27}},"7":{"start":{"line":12,"column":39},"end":{"line":12,"column":43}},"8":{"start":{"line":14,"column":8},"end":{"line":21,"column":null}},"9":{"start":{"line":15,"column":12},"end":{"line":15,"column":64}},"10":{"start":{"line":16,"column":13},"end":{"line":21,"column":null}},"11":{"start":{"line":17,"column":12},"end":{"line":17,"column":62}},"12":{"start":{"line":20,"column":12},"end":{"line":20,"column":40}},"13":{"start":{"line":24,"column":12},"end":{"line":28,"column":null}},"14":{"start":{"line":25,"column":8},"end":{"line":25,"column":34}},"15":{"start":{"line":26,"column":8},"end":{"line":26,"column":41}},"16":{"start":{"line":27,"column":8},"end":{"line":27,"column":41}},"17":{"start":{"line":30,"column":12},"end":{"line":37,"column":null}},"18":{"start":{"line":31,"column":8},"end":{"line":36,"column":47}},"19":{"start":{"line":32,"column":16},"end":{"line":32,"column":47}},"20":{"start":{"line":33,"column":17},"end":{"line":36,"column":47}},"21":{"start":{"line":34,"column":16},"end":{"line":34,"column":66}},"22":{"start":{"line":36,"column":16},"end":{"line":36,"column":47}},"23":{"start":{"line":39,"column":12},"end":{"line":47,"column":null}},"24":{"start":{"line":40,"column":27},"end":{"line":40,"column":54}},"25":{"start":{"line":41,"column":27},"end":{"line":41,"column":53}},"26":{"start":{"line":42,"column":8},"end":{"line":45,"column":null}},"27":{"start":{"line":43,"column":12},"end":{"line":43,"column":54}},"28":{"start":{"line":44,"column":12},"end":{"line":44,"column":55}},"29":{"start":{"line":46,"column":8},"end":{"line":46,"column":44}},"30":{"start":{"line":49,"column":12},"end":{"line":51,"column":null}},"31":{"start":{"line":50,"column":8},"end":{"line":50,"column":72}},"32":{"start":{"line":53,"column":11},"end":{"line":56,"column":null}},"33":{"start":{"line":54,"column":8},"end":{"line":54,"column":57}},"34":{"start":{"line":55,"column":8},"end":{"line":55,"column":55}},"35":{"start":{"line":57,"column":0},"end":{"line":57,"column":null}},"36":{"start":{"line":5,"column":13},"end":{"line":5,"column":34}}},"fnMap":{"0":{"name":"(anonymous_0)","decl":{"start":{"line":5,"column":0},"end":{"line":5,"column":13}},"loc":{"start":{"line":5,"column":0},"end":{"line":57,"column":null}}},"1":{"name":"(anonymous_2)","decl":{"start":{"line":7,"column":4},"end":{"line":7,"column":11}},"loc":{"start":{"line":7,"column":91},"end":{"line":9,"column":5}}},"2":{"name":"(anonymous_3)","decl":{"start":{"line":11,"column":4},"end":{"line":11,"column":11}},"loc":{"start":{"line":11,"column":74},"end":{"line":22,"column":5}}},"3":{"name":"(anonymous_4)","decl":{"start":{"line":24,"column":4},"end":{"line":24,"column":12}},"loc":{"start":{"line":24,"column":67},"end":{"line":28,"column":5}}},"4":{"name":"(anonymous_5)","decl":{"start":{"line":30,"column":4},"end":{"line":30,"column":12}},"loc":{"start":{"line":30,"column":69},"end":{"line":37,"column":5}}},"5":{"name":"(anonymous_6)","decl":{"start":{"line":39,"column":4},"end":{"line":39,"column":12}},"loc":{"start":{"line":39,"column":83},"end":{"line":47,"column":5}}},"6":{"name":"(anonymous_7)","decl":{"start":{"line":49,"column":4},"end":{"line":49,"column":12}},"loc":{"start":{"line":49,"column":62},"end":{"line":51,"column":5}}},"7":{"name":"(anonymous_8)","decl":{"start":{"line":53,"column":4},"end":{"line":53,"column":11}},"loc":{"start":{"line":53,"column":104},"end":{"line":56,"column":5}}}},"branchMap":{"0":{"loc":{"start":{"line":14,"column":8},"end":{"line":21,"column":null}},"type":"if","locations":[{"start":{"line":14,"column":8},"end":{"line":21,"column":null}},{"start":{"line":14,"column":8},"end":{"line":21,"column":null}}]},"1":{"loc":{"start":{"line":16,"column":13},"end":{"line":21,"column":null}},"type":"if","locations":[{"start":{"line":16,"column":13},"end":{"line":21,"column":null}},{"start":{"line":16,"column":13},"end":{"line":21,"column":null}}]},"2":{"loc":{"start":{"line":31,"column":8},"end":{"line":36,"column":47}},"type":"if","locations":[{"start":{"line":31,"column":8},"end":{"line":36,"column":47}},{"start":{"line":31,"column":8},"end":{"line":36,"column":47}}]},"3":{"loc":{"start":{"line":33,"column":17},"end":{"line":36,"column":47}},"type":"if","locations":[{"start":{"line":33,"column":17},"end":{"line":36,"column":47}},{"start":{"line":33,"column":17},"end":{"line":36,"column":47}}]},"4":{"loc":{"start":{"line":42,"column":8},"end":{"line":45,"column":null}},"type":"if","locations":[{"start":{"line":42,"column":8},"end":{"line":45,"column":null}},{"start":{"line":42,"column":8},"end":{"line":45,"column":null}}]},"5":{"loc":{"start":{"line":50,"column":15},"end":{"line":50,"column":41}},"type":"binary-expr","locations":[{"start":{"line":50,"column":15},"end":{"line":50,"column":41}},{"start":{"line":50,"column":45},"end":{"line":50,"column":71}}]}},"s":{"0":1,"1":1,"2":1,"3":15,"4":1,"5":10,"6":10,"7":10,"8":10,"9":4,"10":6,"11":1,"12":5,"13":1,"14":3,"15":3,"16":3,"17":1,"18":4,"19":1,"20":3,"21":2,"22":1,"23":1,"24":10,"25":10,"26":10,"27":1,"28":1,"29":10,"30":1,"31":10,"32":1,"33":5,"34":5,"35":1,"36":1},"f":{"0":3,"1":15,"2":10,"3":3,"4":4,"5":10,"6":10,"7":5},"b":{"0":[4,6],"1":[1,5],"2":[1,3],"3":[2,1],"4":[1,9],"5":[10,5]}}
,"D:\\dev\\technos\\tdd\\TDD-Tennis-TS\\src\\app\\valuesObjects\\Score.ts": {"path":"D:\\dev\\technos\\tdd\\TDD-Tennis-TS\\src\\app\\valuesObjects\\Score.ts","statementMap":{"0":{"start":{"line":1,"column":0},"end":{"line":1,"column":13}},"1":{"start":{"line":3,"column":24},"end":{"line":3,"column":null}},"2":{"start":{"line":4,"column":16},"end":{"line":4,"column":null}},"3":{"start":{"line":5,"column":16},"end":{"line":5,"column":null}},"4":{"start":{"line":3,"column":24},"end":{"line":3,"column":35}},"5":{"start":{"line":4,"column":16},"end":{"line":4,"column":29}},"6":{"start":{"line":5,"column":16},"end":{"line":5,"column":33}},"7":{"start":{"line":8,"column":4},"end":{"line":8,"column":null}},"8":{"start":{"line":8,"column":18},"end":{"line":8,"column":38}},"9":{"start":{"line":10,"column":4},"end":{"line":10,"column":null}},"10":{"start":{"line":10,"column":20},"end":{"line":10,"column":42}},"11":{"start":{"line":12,"column":4},"end":{"line":12,"column":null}},"12":{"start":{"line":12,"column":20},"end":{"line":12,"column":42}},"13":{"start":{"line":14,"column":4},"end":{"line":18,"column":null}},"14":{"start":{"line":15,"column":8},"end":{"line":17,"column":55}},"15":{"start":{"line":15,"column":31},"end":{"line":15,"column":49}},"16":{"start":{"line":16,"column":13},"end":{"line":17,"column":55}},"17":{"start":{"line":16,"column":37},"end":{"line":16,"column":55}},"18":{"start":{"line":17,"column":13},"end":{"line":17,"column":55}},"19":{"start":{"line":17,"column":37},"end":{"line":17,"column":55}},"20":{"start":{"line":20,"column":4},"end":{"line":22,"column":null}},"21":{"start":{"line":21,"column":8},"end":{"line":21,"column":30}},"22":{"start":{"line":24,"column":4},"end":{"line":26,"column":null}},"23":{"start":{"line":25,"column":8},"end":{"line":25,"column":31}},"24":{"start":{"line":28,"column":4},"end":{"line":30,"column":null}},"25":{"start":{"line":29,"column":8},"end":{"line":29,"column":26}},"26":{"start":{"line":32,"column":4},"end":{"line":35,"column":null}},"27":{"start":{"line":33,"column":8},"end":{"line":33,"column":31}},"28":{"start":{"line":34,"column":8},"end":{"line":34,"column":25}},"29":{"start":{"line":37,"column":0},"end":{"line":37,"column":null}},"30":{"start":{"line":1,"column":13},"end":{"line":1,"column":18}}},"fnMap":{"0":{"name":"(anonymous_0)","decl":{"start":{"line":1,"column":0},"end":{"line":1,"column":13}},"loc":{"start":{"line":1,"column":0},"end":{"line":37,"column":null}}},"1":{"name":"Score","decl":{"start":{"line":3,"column":4},"end":{"line":3,"column":24}},"loc":{"start":{"line":5,"column":33},"end":{"line":7,"column":5}}},"2":{"name":"(anonymous_2)","decl":{"start":{"line":8,"column":4},"end":{"line":8,"column":8}},"loc":{"start":{"line":8,"column":4},"end":{"line":8,"column":38}}},"3":{"name":"(anonymous_3)","decl":{"start":{"line":10,"column":4},"end":{"line":10,"column":8}},"loc":{"start":{"line":10,"column":4},"end":{"line":10,"column":42}}},"4":{"name":"(anonymous_4)","decl":{"start":{"line":12,"column":4},"end":{"line":12,"column":8}},"loc":{"start":{"line":12,"column":4},"end":{"line":12,"column":44}}},"5":{"name":"(anonymous_5)","decl":{"start":{"line":14,"column":4},"end":{"line":14,"column":16}},"loc":{"start":{"line":14,"column":4},"end":{"line":18,"column":5}}},"6":{"name":"(anonymous_6)","decl":{"start":{"line":20,"column":4},"end":{"line":20,"column":19}},"loc":{"start":{"line":20,"column":4},"end":{"line":22,"column":5}}},"7":{"name":"(anonymous_7)","decl":{"start":{"line":24,"column":4},"end":{"line":24,"column":19}},"loc":{"start":{"line":24,"column":4},"end":{"line":26,"column":5}}},"8":{"name":"(anonymous_8)","decl":{"start":{"line":28,"column":4},"end":{"line":28,"column":14}},"loc":{"start":{"line":28,"column":4},"end":{"line":30,"column":5}}},"9":{"name":"(anonymous_9)","decl":{"start":{"line":32,"column":4},"end":{"line":32,"column":21}},"loc":{"start":{"line":32,"column":4},"end":{"line":35,"column":5}}}},"branchMap":{"0":{"loc":{"start":{"line":3,"column":24},"end":{"line":3,"column":null}},"type":"if","locations":[{"start":{"line":3,"column":24},"end":{"line":3,"column":null}},{"start":{"line":3,"column":24},"end":{"line":3,"column":null}}]},"1":{"loc":{"start":{"line":4,"column":16},"end":{"line":4,"column":null}},"type":"if","locations":[{"start":{"line":4,"column":16},"end":{"line":4,"column":null}},{"start":{"line":4,"column":16},"end":{"line":4,"column":null}}]},"2":{"loc":{"start":{"line":5,"column":16},"end":{"line":5,"column":null}},"type":"if","locations":[{"start":{"line":5,"column":16},"end":{"line":5,"column":null}},{"start":{"line":5,"column":16},"end":{"line":5,"column":null}}]},"3":{"loc":{"start":{"line":15,"column":8},"end":{"line":17,"column":55}},"type":"if","locations":[{"start":{"line":15,"column":8},"end":{"line":17,"column":55}},{"start":{"line":15,"column":8},"end":{"line":17,"column":55}}]},"4":{"loc":{"start":{"line":16,"column":13},"end":{"line":17,"column":55}},"type":"if","locations":[{"start":{"line":16,"column":13},"end":{"line":17,"column":55}},{"start":{"line":16,"column":13},"end":{"line":17,"column":55}}]},"5":{"loc":{"start":{"line":17,"column":13},"end":{"line":17,"column":55}},"type":"if","locations":[{"start":{"line":17,"column":13},"end":{"line":17,"column":55}},{"start":{"line":17,"column":13},"end":{"line":17,"column":55}}]}},"s":{"0":1,"1":70,"2":77,"3":77,"4":40,"5":40,"6":40,"7":1,"8":32,"9":1,"10":2,"11":1,"12":11,"13":1,"14":5,"15":3,"16":2,"17":1,"18":1,"19":1,"20":1,"21":1,"22":1,"23":1,"24":1,"25":3,"26":1,"27":6,"28":6,"29":1,"30":1},"f":{"0":1,"1":40,"2":32,"3":2,"4":11,"5":5,"6":1,"7":1,"8":3,"9":6},"b":{"0":[30,10],"1":[37,3],"2":[37,3],"3":[3,2],"4":[1,1],"5":[1,0]}}
}
