TN:
SF:src\app\entities\JoueurDeTennis.ts
FN:1,(anonymous_0)
FNF:1
FNH:1
FNDA:5,(anonymous_0)
DA:1,1
DA:3,1
LF:2
LH:2
BRF:0
BRH:0
end_of_record
TN:
SF:src\app\entities\PartieDeTennis.ts
FN:4,(anonymous_0)
FN:8,PartieDeTennis
FN:11,(anonymous_2)
FN:15,(anonymous_3)
FN:19,(anonymous_4)
FN:23,(anonymous_5)
FN:27,(anonymous_6)
FN:31,(anonymous_7)
FNF:8
FNH:8
FNDA:1,(anonymous_0)
FNDA:15,PartieDeTennis
FNDA:1,(anonymous_2)
FNDA:11,(anonymous_3)
FNDA:30,(anonymous_4)
FNDA:5,(anonymous_5)
FNDA:30,(anonymous_6)
FNDA:5,(anonymous_7)
DA:1,1
DA:4,1
DA:6,15
DA:7,15
DA:8,15
DA:11,1
DA:12,1
DA:15,1
DA:16,11
DA:19,1
DA:20,30
DA:24,5
DA:27,1
DA:28,30
DA:32,5
DA:36,1
LF:16
LH:16
BRF:0
BRH:0
end_of_record
TN:
SF:src\app\services\TennisCompteurDeScore.ts
FN:5,(anonymous_0)
FN:7,(anonymous_2)
FN:11,(anonymous_3)
FN:24,(anonymous_4)
FN:30,(anonymous_5)
FN:39,(anonymous_6)
FN:49,(anonymous_7)
FN:53,(anonymous_8)
FNF:8
FNH:8
FNDA:3,(anonymous_0)
FNDA:15,(anonymous_2)
FNDA:10,(anonymous_3)
FNDA:3,(anonymous_4)
FNDA:4,(anonymous_5)
FNDA:10,(anonymous_6)
FNDA:10,(anonymous_7)
FNDA:5,(anonymous_8)
DA:2,1
DA:5,1
DA:7,1
DA:8,15
DA:11,1
DA:12,10
DA:14,10
DA:15,4
DA:16,6
DA:17,1
DA:20,5
DA:24,1
DA:25,3
DA:26,3
DA:27,3
DA:30,1
DA:31,4
DA:32,1
DA:33,3
DA:34,2
DA:36,1
DA:39,1
DA:40,10
DA:41,10
DA:42,10
DA:43,1
DA:44,1
DA:46,10
DA:49,1
DA:50,10
DA:53,1
DA:54,5
DA:55,5
DA:57,1
LF:34
LH:34
BRDA:14,0,0,4
BRDA:14,0,1,6
BRDA:16,1,0,1
BRDA:16,1,1,5
BRDA:31,2,0,1
BRDA:31,2,1,3
BRDA:33,3,0,2
BRDA:33,3,1,1
BRDA:42,4,0,1
BRDA:42,4,1,9
BRDA:50,5,0,10
BRDA:50,5,1,5
BRF:12
BRH:12
end_of_record
TN:
SF:src\app\valuesObjects\Score.ts
FN:1,(anonymous_0)
FN:3,Score
FN:8,(anonymous_2)
FN:10,(anonymous_3)
FN:12,(anonymous_4)
FN:14,(anonymous_5)
FN:20,(anonymous_6)
FN:24,(anonymous_7)
FN:28,(anonymous_8)
FN:32,(anonymous_9)
FNF:10
FNH:10
FNDA:1,(anonymous_0)
FNDA:40,Score
FNDA:32,(anonymous_2)
FNDA:2,(anonymous_3)
FNDA:11,(anonymous_4)
FNDA:5,(anonymous_5)
FNDA:1,(anonymous_6)
FNDA:1,(anonymous_7)
FNDA:3,(anonymous_8)
FNDA:6,(anonymous_9)
DA:1,1
DA:3,70
DA:4,77
DA:5,77
DA:8,32
DA:10,2
DA:12,11
DA:14,1
DA:15,5
DA:16,2
DA:17,1
DA:20,1
DA:21,1
DA:24,1
DA:25,1
DA:28,1
DA:29,3
DA:32,1
DA:33,6
DA:34,6
DA:37,1
LF:21
LH:21
BRDA:3,0,0,30
BRDA:3,0,1,10
BRDA:4,1,0,37
BRDA:4,1,1,3
BRDA:5,2,0,37
BRDA:5,2,1,3
BRDA:15,3,0,3
BRDA:15,3,1,2
BRDA:16,4,0,1
BRDA:16,4,1,1
BRDA:17,5,0,1
BRDA:17,5,1,0
BRF:12
BRH:11
end_of_record
